#
# There is insufficient memory for the Java Runtime Environment to continue.
# Native memory allocation (malloc) failed to allocate 1562896 bytes. Error detail: Chunk::new
# Possible reasons:
#   The system is out of physical RAM or swap space
#   This process is running with CompressedOops enabled, and the Java Heap may be blocking the growth of the native heap
# Possible solutions:
#   Reduce memory load on the system
#   Increase physical memory or swap space
#   Check if swap backing store is full
#   Decrease Java heap size (-Xmx/-Xms)
#   Decrease number of Java threads
#   Decrease Java thread stack sizes (-Xss)
#   Set larger code cache with -XX:ReservedCodeCacheSize=
#   JVM is running with Unscaled Compressed Oops mode in which the Java heap is
#     placed in the first 4GB address space. The Java Heap base address is the
#     maximum limit for the native heap growth. Please use -XX:HeapBaseMinAddress
#     to set the Java Heap base and to place the Java Heap above 4GB virtual address.
# This output file may be truncated or incomplete.
#
#  Out of Memory Error (arena.cpp:191), pid=13152, tid=46384
#
# JRE version: OpenJDK Runtime Environment Temurin-17.0.13+11 (17.0.13+11) (build 17.0.13+11)
# Java VM: OpenJDK 64-Bit Server VM Temurin-17.0.13+11 (17.0.13+11, mixed mode, tiered, compressed oops, compressed class ptrs, parallel gc, windows-amd64)
# No core dump will be written. Minidumps are not enabled by default on client versions of Windows
#

---------------  S U M M A R Y ------------

Command Line: --add-modules=ALL-SYSTEM --add-opens=java.base/java.util=ALL-UNNAMED --add-opens=java.base/java.lang=ALL-UNNAMED --add-opens=java.base/sun.nio.fs=ALL-UNNAMED -Declipse.application=org.eclipse.jdt.ls.core.id1 -Dosgi.bundles.defaultStartLevel=4 -Declipse.product=org.eclipse.jdt.ls.core.product -Djava.import.generatesMetadataFilesAtProjectRoot=false -DDetectVMInstallationsJob.disabled=true -Dfile.encoding=utf8 -XX:+UseParallelGC -XX:GCTimeRatio=4 -XX:AdaptiveSizePolicyWeight=90 -Dsun.zip.disableMemoryMapping=true -Xmx1G -Xms100m -Xlog:disable -javaagent:c:\Users\akrem\.cursor\extensions\redhat.java-1.38.0-win32-x64\lombok\lombok-1.18.34.jar c:\Users\akrem\.cursor\extensions\redhat.java-1.38.0-win32-x64\server\plugins\org.eclipse.equinox.launcher_1.6.900.v20240613-2009.jar -configuration c:\Users\akrem\AppData\Roaming\Cursor\User\globalStorage\redhat.java\1.38.0\config_ss_win -data c:\Users\akrem\AppData\Roaming\Cursor\User\workspaceStorage\1cdb713fb8ed88fc6a27c0c7e4216a23\redhat.java\ss_ws --pipe=\\.\pipe\lsp-06d83f50803002a9af60864686d9f2ea-sock

Host: 12th Gen Intel(R) Core(TM) i9-12900H, 20 cores, 15G,  Windows 11 , 64 bit Build 22621 (10.0.22621.4391)
Time: Tue Jan 21 18:33:58 2025 W. Central Africa Standard Time elapsed time: 7.631722 seconds (0d 0h 0m 7s)

---------------  T H R E A D  ---------------

Current thread (0x000001bcea6b3000):  JavaThread "C2 CompilerThread0" daemon [_thread_in_native, id=46384, stack(0x00000003ba500000,0x00000003ba600000)]


Current CompileTask:
C2:   7632 2419       4       org.lombokweb.asm.ClassReader::readMethod (1066 bytes)

Stack: [0x00000003ba500000,0x00000003ba600000]
Native frames: (J=compiled Java code, j=interpreted, Vv=VM code, C=native code)
V  [jvm.dll+0x682a19]
V  [jvm.dll+0x839538]
V  [jvm.dll+0x83afe3]
V  [jvm.dll+0x83b653]
V  [jvm.dll+0x24704f]
V  [jvm.dll+0xace34]
V  [jvm.dll+0xad4cc]
V  [jvm.dll+0x36592f]
V  [jvm.dll+0x32fbd8]
V  [jvm.dll+0x32f05a]
V  [jvm.dll+0x21804f]
V  [jvm.dll+0x21748f]
V  [jvm.dll+0x1a3070]
V  [jvm.dll+0x22788c]
V  [jvm.dll+0x2259eb]
V  [jvm.dll+0x7eec98]
V  [jvm.dll+0x7e8ffc]
V  [jvm.dll+0x6818f7]
C  [ucrtbase.dll+0x29333]
C  [KERNEL32.DLL+0x1259d]
C  [ntdll.dll+0x5af38]


---------------  P R O C E S S  ---------------

Threads class SMR info:
_java_thread_list=0x000001bcedb1e6a0, length=20, elements={
0x000001bcd16315d0, 0x000001bce54be020, 0x000001bcd16d86e0, 0x000001bcea6a0320,
0x000001bcea6a0bf0, 0x000001bcea6a3f00, 0x000001bcea6a51a0, 0x000001bcea6b3000,
0x000001bcea6b6dd0, 0x000001bcea6b7b80, 0x000001bcea7c7860, 0x000001bcecf51c20,
0x000001bced3fc7b0, 0x000001bcea83b040, 0x000001bcea83c730, 0x000001bced1cf640,
0x000001bced0ada50, 0x000001bcece42040, 0x000001bcece40c00, 0x000001bcece41620
}

Java Threads: ( => current thread )
  0x000001bcd16315d0 JavaThread "main" [_thread_blocked, id=81452, stack(0x00000003b9c00000,0x00000003b9d00000)]
  0x000001bce54be020 JavaThread "Reference Handler" daemon [_thread_blocked, id=91720, stack(0x00000003b9f00000,0x00000003ba000000)]
  0x000001bcd16d86e0 JavaThread "Finalizer" daemon [_thread_blocked, id=90956, stack(0x00000003ba000000,0x00000003ba100000)]
  0x000001bcea6a0320 JavaThread "Signal Dispatcher" daemon [_thread_blocked, id=91552, stack(0x00000003ba100000,0x00000003ba200000)]
  0x000001bcea6a0bf0 JavaThread "Attach Listener" daemon [_thread_blocked, id=62556, stack(0x00000003ba200000,0x00000003ba300000)]
  0x000001bcea6a3f00 JavaThread "Service Thread" daemon [_thread_blocked, id=25588, stack(0x00000003ba300000,0x00000003ba400000)]
  0x000001bcea6a51a0 JavaThread "Monitor Deflation Thread" daemon [_thread_blocked, id=47164, stack(0x00000003ba400000,0x00000003ba500000)]
=>0x000001bcea6b3000 JavaThread "C2 CompilerThread0" daemon [_thread_in_native, id=46384, stack(0x00000003ba500000,0x00000003ba600000)]
  0x000001bcea6b6dd0 JavaThread "C1 CompilerThread0" daemon [_thread_blocked, id=83408, stack(0x00000003ba600000,0x00000003ba700000)]
  0x000001bcea6b7b80 JavaThread "Sweeper thread" daemon [_thread_blocked, id=83396, stack(0x00000003ba700000,0x00000003ba800000)]
  0x000001bcea7c7860 JavaThread "Common-Cleaner" daemon [_thread_blocked, id=55884, stack(0x00000003ba800000,0x00000003ba900000)]
  0x000001bcecf51c20 JavaThread "Notification Thread" daemon [_thread_blocked, id=31500, stack(0x00000003bab00000,0x00000003bac00000)]
  0x000001bced3fc7b0 JavaThread "Active Thread: Equinox Container: f49c4ae2-5458-47c5-afa0-91d5ee2b578b" [_thread_blocked, id=35692, stack(0x00000003bb300000,0x00000003bb400000)]
  0x000001bcea83b040 JavaThread "Framework Event Dispatcher: Equinox Container: f49c4ae2-5458-47c5-afa0-91d5ee2b578b" daemon [_thread_blocked, id=79768, stack(0x00000003ba900000,0x00000003baa00000)]
  0x000001bcea83c730 JavaThread "Start Level: Equinox Container: f49c4ae2-5458-47c5-afa0-91d5ee2b578b" daemon [_thread_in_native, id=91500, stack(0x00000003baa00000,0x00000003bab00000)]
  0x000001bced1cf640 JavaThread "SCR Component Actor" daemon [_thread_blocked, id=91524, stack(0x00000003bad00000,0x00000003bae00000)]
  0x000001bced0ada50 JavaThread "SCR Component Registry" daemon [_thread_blocked, id=91512, stack(0x00000003bb600000,0x00000003bb700000)]
  0x000001bcece42040 JavaThread "Worker-JM" [_thread_blocked, id=73328, stack(0x00000003bb700000,0x00000003bb800000)]
  0x000001bcece40c00 JavaThread "Worker-0" [_thread_blocked, id=91528, stack(0x00000003bba00000,0x00000003bbb00000)]
  0x000001bcece41620 JavaThread "Worker-1" [_thread_blocked, id=33888, stack(0x00000003bbb00000,0x00000003bbc00000)]

Other Threads:
  0x000001bcd16d6c80 VMThread "VM Thread" [stack: 0x00000003b9e00000,0x00000003b9f00000] [id=18028]
  0x000001bcecec1ae0 WatcherThread [stack: 0x00000003bac00000,0x00000003bad00000] [id=82628]
  0x000001bcd1645ee0 GCTaskThread "GC Thread#0" [stack: 0x00000003b9d00000,0x00000003b9e00000] [id=77460]
  0x000001bced00d680 GCTaskThread "GC Thread#1" [stack: 0x00000003bae00000,0x00000003baf00000] [id=83884]
  0x000001bced58ec60 GCTaskThread "GC Thread#2" [stack: 0x00000003baf00000,0x00000003bb000000] [id=81596]
  0x000001bced0410f0 GCTaskThread "GC Thread#3" [stack: 0x00000003bb000000,0x00000003bb100000] [id=91972]
  0x000001bced0413b0 GCTaskThread "GC Thread#4" [stack: 0x00000003bb100000,0x00000003bb200000] [id=91984]
  0x000001bced4040c0 GCTaskThread "GC Thread#5" [stack: 0x00000003bb200000,0x00000003bb300000] [id=84652]
  0x000001bccf4bda60 GCTaskThread "GC Thread#6" [stack: 0x00000003bb400000,0x00000003bb500000] [id=90220]
  0x000001bced1bd6b0 GCTaskThread "GC Thread#7" [stack: 0x00000003bb500000,0x00000003bb600000] [id=16452]
  0x000001bcecf78230 GCTaskThread "GC Thread#8" [stack: 0x00000003bb800000,0x00000003bb900000] [id=90964]
  0x000001bcece8e450 GCTaskThread "GC Thread#9" [stack: 0x00000003bb900000,0x00000003bba00000] [id=91544]
  0x000001bced54fdd0 GCTaskThread "GC Thread#10" [stack: 0x00000003bbc00000,0x00000003bbd00000] [id=91636]
  0x000001bcee5885c0 GCTaskThread "GC Thread#11" [stack: 0x00000003bbd00000,0x00000003bbe00000] [id=91660]

Threads with active compile tasks:
C2 CompilerThread0     7660 2419       4       org.lombokweb.asm.ClassReader::readMethod (1066 bytes)

VM state: not at safepoint (normal execution)

VM Mutex/Monitor currently owned by a thread: None

Heap address: 0x00000000c0000000, size: 1024 MB, Compressed Oops mode: 32-bit

CDS archive(s) not mapped
Compressed class space mapped at: 0x0000000100000000-0x0000000140000000, reserved size: 1073741824
Narrow klass base: 0x0000000000000000, Narrow klass shift: 3, Narrow klass range: 0x140000000

GC Precious Log:
 CPUs: 20 total, 20 available
 Memory: 16073M
 Large Page Support: Disabled
 NUMA Support: Disabled
 Compressed Oops: Enabled (32-bit)
 Alignments: Space 512K, Generation 512K, Heap 2M
 Heap Min Capacity: 100M
 Heap Initial Capacity: 100M
 Heap Max Capacity: 1G
 Pre-touch: Disabled
 Parallel Workers: 15

Heap:
 PSYoungGen      total 27136K, used 5473K [0x00000000eab00000, 0x00000000ec900000, 0x0000000100000000)
  eden space 24576K, 11% used [0x00000000eab00000,0x00000000eade02f8,0x00000000ec300000)
  from space 2560K, 98% used [0x00000000ec600000,0x00000000ec878268,0x00000000ec880000)
  to   space 3072K, 0% used [0x00000000ec300000,0x00000000ec300000,0x00000000ec600000)
 ParOldGen       total 68608K, used 6815K [0x00000000c0000000, 0x00000000c4300000, 0x00000000eab00000)
  object space 68608K, 9% used [0x00000000c0000000,0x00000000c06a7fb8,0x00000000c4300000)
 Metaspace       used 26715K, committed 27136K, reserved 1114112K
  class space    used 2562K, committed 2752K, reserved 1048576K

Card table byte_map: [0x000001bcd0ff0000,0x000001bcd1200000] _byte_map_base: 0x000001bcd09f0000

Marking Bits: (ParMarkBitMap*) 0x00007ffcbacc6940
 Begin Bits: [0x000001bce32c0000, 0x000001bce42c0000)
 End Bits:   [0x000001bce42c0000, 0x000001bce52c0000)

Polling page: 0x000001bcd0de0000

Metaspace:

Usage:
  Non-class:     23.59 MB used.
      Class:      2.50 MB used.
       Both:     26.09 MB used.

Virtual space:
  Non-class space:       64.00 MB reserved,      23.81 MB ( 37%) committed,  1 nodes.
      Class space:        1.00 GB reserved,       2.69 MB ( <1%) committed,  1 nodes.
             Both:        1.06 GB reserved,      26.50 MB (  2%) committed. 

Chunk freelists:
   Non-Class:  8.14 MB
       Class:  13.32 MB
        Both:  21.46 MB

MaxMetaspaceSize: unlimited
CompressedClassSpaceSize: 1.00 GB
Initial GC threshold: 21.00 MB
Current GC threshold: 35.00 MB
CDS: off
MetaspaceReclaimPolicy: balanced
 - commit_granule_bytes: 65536.
 - commit_granule_words: 8192.
 - virtual_space_node_default_size: 8388608.
 - enlarge_chunks_in_place: 1.
 - new_chunks_are_fully_committed: 0.
 - uncommit_free_chunks: 1.
 - use_allocation_guard: 0.
 - handle_deallocations: 1.


Internal statistics:

num_allocs_failed_limit: 3.
num_arena_births: 284.
num_arena_deaths: 14.
num_vsnodes_births: 2.
num_vsnodes_deaths: 0.
num_space_committed: 424.
num_space_uncommitted: 0.
num_chunks_returned_to_freelist: 17.
num_chunks_taken_from_freelist: 992.
num_chunk_merges: 6.
num_chunk_splits: 669.
num_chunks_enlarged: 471.
num_inconsistent_stats: 0.

CodeHeap 'non-profiled nmethods': size=119168Kb used=962Kb max_used=962Kb free=118205Kb
 bounds [0x000001bcdbe60000, 0x000001bcdc0d0000, 0x000001bce32c0000]
CodeHeap 'profiled nmethods': size=119104Kb used=4883Kb max_used=4883Kb free=114220Kb
 bounds [0x000001bcd42c0000, 0x000001bcd4790000, 0x000001bcdb710000]
CodeHeap 'non-nmethods': size=7488Kb used=1229Kb max_used=2315Kb free=6258Kb
 bounds [0x000001bcdb710000, 0x000001bcdb980000, 0x000001bcdbe60000]
 total_blobs=3021 nmethods=2483 adapters=452
 compilation: enabled
              stopped_count=0, restarted_count=0
 full_count=0

Compilation events (20 events):
Event: 7.603 Thread 0x000001bcea6b6dd0 2472   !   3       org.eclipse.core.internal.preferences.EclipsePreferences::getOrCreate (108 bytes)
Event: 7.604 Thread 0x000001bcea6b6dd0 nmethod 2472 0x000001bcd477e790 code [0x000001bcd477e9c0, 0x000001bcd477f398]
Event: 7.604 Thread 0x000001bcea6b6dd0 2473       3       org.eclipse.core.internal.preferences.PreferencesService::getDefault (20 bytes)
Event: 7.604 Thread 0x000001bcea6b6dd0 nmethod 2473 0x000001bcd477f710 code [0x000001bcd477f8c0, 0x000001bcd477faa8]
Event: 7.610 Thread 0x000001bcea6b6dd0 2478       3       java.io.DataInputStream::readBoolean (13 bytes)
Event: 7.611 Thread 0x000001bcea6b6dd0 nmethod 2478 0x000001bcd477fb90 code [0x000001bcd477fd60, 0x000001bcd47800d8]
Event: 7.611 Thread 0x000001bcea6b6dd0 2479       3       java.util.HashMap::entrySet (27 bytes)
Event: 7.612 Thread 0x000001bcea6b6dd0 nmethod 2479 0x000001bcd4780210 code [0x000001bcd47803e0, 0x000001bcd4780758]
Event: 7.612 Thread 0x000001bcea6b6dd0 2480       3       java.util.HashMap$EntrySet::iterator (12 bytes)
Event: 7.612 Thread 0x000001bcea6b6dd0 nmethod 2480 0x000001bcd4780890 code [0x000001bcd4780a40, 0x000001bcd4780c68]
Event: 7.612 Thread 0x000001bcea6b6dd0 2483       3       java.lang.reflect.Field::getFieldAccessor (35 bytes)
Event: 7.612 Thread 0x000001bcea6b6dd0 nmethod 2483 0x000001bcd4780d90 code [0x000001bcd4780f40, 0x000001bcd4781128]
Event: 7.612 Thread 0x000001bcea6b6dd0 2484       3       java.lang.reflect.Field::checkAccess (32 bytes)
Event: 7.613 Thread 0x000001bcea6b6dd0 nmethod 2484 0x000001bcd4781210 code [0x000001bcd47813c0, 0x000001bcd4781648]
Event: 7.613 Thread 0x000001bcea6b6dd0 2481       3       java.util.HashMap$EntryIterator::<init> (11 bytes)
Event: 7.613 Thread 0x000001bcea6b6dd0 nmethod 2481 0x000001bcd4781790 code [0x000001bcd4781920, 0x000001bcd4781a68]
Event: 7.613 Thread 0x000001bcea6b6dd0 2482       3       org.eclipse.core.internal.registry.Handle::<init> (15 bytes)
Event: 7.613 Thread 0x000001bcea6b6dd0 nmethod 2482 0x000001bcd4781b10 code [0x000001bcd4781ca0, 0x000001bcd4781e18]
Event: 7.627 Thread 0x000001bcea6b6dd0 2485       3       java.io.File::isFile (34 bytes)
Event: 7.627 Thread 0x000001bcea6b6dd0 nmethod 2485 0x000001bcd4781f10 code [0x000001bcd4782100, 0x000001bcd4782608]

GC Heap History (14 events):
Event: 0.902 GC heap before
{Heap before GC invocations=1 (full 0):
 PSYoungGen      total 29696K, used 25600K [0x00000000eab00000, 0x00000000ecc00000, 0x0000000100000000)
  eden space 25600K, 100% used [0x00000000eab00000,0x00000000ec400000,0x00000000ec400000)
  from space 4096K, 0% used [0x00000000ec800000,0x00000000ec800000,0x00000000ecc00000)
  to   space 4096K, 0% used [0x00000000ec400000,0x00000000ec400000,0x00000000ec800000)
 ParOldGen       total 68608K, used 0K [0x00000000c0000000, 0x00000000c4300000, 0x00000000eab00000)
  object space 68608K, 0% used [0x00000000c0000000,0x00000000c0000000,0x00000000c4300000)
 Metaspace       used 10657K, committed 10816K, reserved 1114112K
  class space    used 1063K, committed 1152K, reserved 1048576K
}
Event: 0.909 GC heap after
{Heap after GC invocations=1 (full 0):
 PSYoungGen      total 29696K, used 3188K [0x00000000eab00000, 0x00000000ecc00000, 0x0000000100000000)
  eden space 25600K, 0% used [0x00000000eab00000,0x00000000eab00000,0x00000000ec400000)
  from space 4096K, 77% used [0x00000000ec400000,0x00000000ec71d108,0x00000000ec800000)
  to   space 4096K, 0% used [0x00000000ec800000,0x00000000ec800000,0x00000000ecc00000)
 ParOldGen       total 68608K, used 16K [0x00000000c0000000, 0x00000000c4300000, 0x00000000eab00000)
  object space 68608K, 0% used [0x00000000c0000000,0x00000000c0004000,0x00000000c4300000)
 Metaspace       used 10657K, committed 10816K, reserved 1114112K
  class space    used 1063K, committed 1152K, reserved 1048576K
}
Event: 6.335 GC heap before
{Heap before GC invocations=2 (full 0):
 PSYoungGen      total 29696K, used 28788K [0x00000000eab00000, 0x00000000ecc00000, 0x0000000100000000)
  eden space 25600K, 100% used [0x00000000eab00000,0x00000000ec400000,0x00000000ec400000)
  from space 4096K, 77% used [0x00000000ec400000,0x00000000ec71d108,0x00000000ec800000)
  to   space 4096K, 0% used [0x00000000ec800000,0x00000000ec800000,0x00000000ecc00000)
 ParOldGen       total 68608K, used 16K [0x00000000c0000000, 0x00000000c4300000, 0x00000000eab00000)
  object space 68608K, 0% used [0x00000000c0000000,0x00000000c0004000,0x00000000c4300000)
 Metaspace       used 14375K, committed 14656K, reserved 1114112K
  class space    used 1435K, committed 1536K, reserved 1048576K
}
Event: 6.340 GC heap after
{Heap after GC invocations=2 (full 0):
 PSYoungGen      total 29696K, used 4075K [0x00000000eab00000, 0x00000000ecc00000, 0x0000000100000000)
  eden space 25600K, 0% used [0x00000000eab00000,0x00000000eab00000,0x00000000ec400000)
  from space 4096K, 99% used [0x00000000ec800000,0x00000000ecbfacd8,0x00000000ecc00000)
  to   space 4096K, 0% used [0x00000000ec400000,0x00000000ec400000,0x00000000ec800000)
 ParOldGen       total 68608K, used 764K [0x00000000c0000000, 0x00000000c4300000, 0x00000000eab00000)
  object space 68608K, 1% used [0x00000000c0000000,0x00000000c00bf030,0x00000000c4300000)
 Metaspace       used 14375K, committed 14656K, reserved 1114112K
  class space    used 1435K, committed 1536K, reserved 1048576K
}
Event: 6.971 GC heap before
{Heap before GC invocations=3 (full 0):
 PSYoungGen      total 29696K, used 29675K [0x00000000eab00000, 0x00000000ecc00000, 0x0000000100000000)
  eden space 25600K, 100% used [0x00000000eab00000,0x00000000ec400000,0x00000000ec400000)
  from space 4096K, 99% used [0x00000000ec800000,0x00000000ecbfacd8,0x00000000ecc00000)
  to   space 4096K, 0% used [0x00000000ec400000,0x00000000ec400000,0x00000000ec800000)
 ParOldGen       total 68608K, used 764K [0x00000000c0000000, 0x00000000c4300000, 0x00000000eab00000)
  object space 68608K, 1% used [0x00000000c0000000,0x00000000c00bf030,0x00000000c4300000)
 Metaspace       used 19449K, committed 19840K, reserved 1114112K
  class space    used 1983K, committed 2176K, reserved 1048576K
}
Event: 6.976 GC heap after
{Heap after GC invocations=3 (full 0):
 PSYoungGen      total 29696K, used 4083K [0x00000000eab00000, 0x00000000ecc00000, 0x0000000100000000)
  eden space 25600K, 0% used [0x00000000eab00000,0x00000000eab00000,0x00000000ec400000)
  from space 4096K, 99% used [0x00000000ec400000,0x00000000ec7fcc70,0x00000000ec800000)
  to   space 4096K, 0% used [0x00000000ec800000,0x00000000ec800000,0x00000000ecc00000)
 ParOldGen       total 68608K, used 2574K [0x00000000c0000000, 0x00000000c4300000, 0x00000000eab00000)
  object space 68608K, 3% used [0x00000000c0000000,0x00000000c0283a30,0x00000000c4300000)
 Metaspace       used 19449K, committed 19840K, reserved 1114112K
  class space    used 1983K, committed 2176K, reserved 1048576K
}
Event: 7.185 GC heap before
{Heap before GC invocations=4 (full 0):
 PSYoungGen      total 29696K, used 13304K [0x00000000eab00000, 0x00000000ecc00000, 0x0000000100000000)
  eden space 25600K, 36% used [0x00000000eab00000,0x00000000eb401548,0x00000000ec400000)
  from space 4096K, 99% used [0x00000000ec400000,0x00000000ec7fcc70,0x00000000ec800000)
  to   space 4096K, 0% used [0x00000000ec800000,0x00000000ec800000,0x00000000ecc00000)
 ParOldGen       total 68608K, used 2574K [0x00000000c0000000, 0x00000000c4300000, 0x00000000eab00000)
  object space 68608K, 3% used [0x00000000c0000000,0x00000000c0283a30,0x00000000c4300000)
 Metaspace       used 21096K, committed 21504K, reserved 1114112K
  class space    used 2156K, committed 2368K, reserved 1048576K
}
Event: 7.188 GC heap after
{Heap after GC invocations=4 (full 0):
 PSYoungGen      total 29696K, used 4080K [0x00000000eab00000, 0x00000000ecc00000, 0x0000000100000000)
  eden space 25600K, 0% used [0x00000000eab00000,0x00000000eab00000,0x00000000ec400000)
  from space 4096K, 99% used [0x00000000ec800000,0x00000000ecbfc308,0x00000000ecc00000)
  to   space 4096K, 0% used [0x00000000ec400000,0x00000000ec400000,0x00000000ec800000)
 ParOldGen       total 68608K, used 2871K [0x00000000c0000000, 0x00000000c4300000, 0x00000000eab00000)
  object space 68608K, 4% used [0x00000000c0000000,0x00000000c02cdc70,0x00000000c4300000)
 Metaspace       used 21096K, committed 21504K, reserved 1114112K
  class space    used 2156K, committed 2368K, reserved 1048576K
}
Event: 7.188 GC heap before
{Heap before GC invocations=5 (full 1):
 PSYoungGen      total 29696K, used 4080K [0x00000000eab00000, 0x00000000ecc00000, 0x0000000100000000)
  eden space 25600K, 0% used [0x00000000eab00000,0x00000000eab00000,0x00000000ec400000)
  from space 4096K, 99% used [0x00000000ec800000,0x00000000ecbfc308,0x00000000ecc00000)
  to   space 4096K, 0% used [0x00000000ec400000,0x00000000ec400000,0x00000000ec800000)
 ParOldGen       total 68608K, used 2871K [0x00000000c0000000, 0x00000000c4300000, 0x00000000eab00000)
  object space 68608K, 4% used [0x00000000c0000000,0x00000000c02cdc70,0x00000000c4300000)
 Metaspace       used 21096K, committed 21504K, reserved 1114112K
  class space    used 2156K, committed 2368K, reserved 1048576K
}
Event: 7.205 GC heap after
{Heap after GC invocations=5 (full 1):
 PSYoungGen      total 29696K, used 0K [0x00000000eab00000, 0x00000000ecc00000, 0x0000000100000000)
  eden space 25600K, 0% used [0x00000000eab00000,0x00000000eab00000,0x00000000ec400000)
  from space 4096K, 0% used [0x00000000ec800000,0x00000000ec800000,0x00000000ecc00000)
  to   space 4096K, 0% used [0x00000000ec400000,0x00000000ec400000,0x00000000ec800000)
 ParOldGen       total 68608K, used 6775K [0x00000000c0000000, 0x00000000c4300000, 0x00000000eab00000)
  object space 68608K, 9% used [0x00000000c0000000,0x00000000c069dfb8,0x00000000c4300000)
 Metaspace       used 21083K, committed 21504K, reserved 1114112K
  class space    used 2153K, committed 2368K, reserved 1048576K
}
Event: 7.399 GC heap before
{Heap before GC invocations=6 (full 1):
 PSYoungGen      total 29696K, used 25600K [0x00000000eab00000, 0x00000000ecc00000, 0x0000000100000000)
  eden space 25600K, 100% used [0x00000000eab00000,0x00000000ec400000,0x00000000ec400000)
  from space 4096K, 0% used [0x00000000ec800000,0x00000000ec800000,0x00000000ecc00000)
  to   space 4096K, 0% used [0x00000000ec400000,0x00000000ec400000,0x00000000ec800000)
 ParOldGen       total 68608K, used 6775K [0x00000000c0000000, 0x00000000c4300000, 0x00000000eab00000)
  object space 68608K, 9% used [0x00000000c0000000,0x00000000c069dfb8,0x00000000c4300000)
 Metaspace       used 24152K, committed 24640K, reserved 1114112K
  class space    used 2349K, committed 2560K, reserved 1048576K
}
Event: 7.400 GC heap after
{Heap after GC invocations=6 (full 1):
 PSYoungGen      total 26112K, used 874K [0x00000000eab00000, 0x00000000ec880000, 0x0000000100000000)
  eden space 25088K, 0% used [0x00000000eab00000,0x00000000eab00000,0x00000000ec380000)
  from space 1024K, 85% used [0x00000000ec400000,0x00000000ec4da8c0,0x00000000ec500000)
  to   space 2560K, 0% used [0x00000000ec600000,0x00000000ec600000,0x00000000ec880000)
 ParOldGen       total 68608K, used 6783K [0x00000000c0000000, 0x00000000c4300000, 0x00000000eab00000)
  object space 68608K, 9% used [0x00000000c0000000,0x00000000c069ffb8,0x00000000c4300000)
 Metaspace       used 24152K, committed 24640K, reserved 1114112K
  class space    used 2349K, committed 2560K, reserved 1048576K
}
Event: 7.593 GC heap before
{Heap before GC invocations=7 (full 1):
 PSYoungGen      total 26112K, used 25962K [0x00000000eab00000, 0x00000000ec880000, 0x0000000100000000)
  eden space 25088K, 100% used [0x00000000eab00000,0x00000000ec380000,0x00000000ec380000)
  from space 1024K, 85% used [0x00000000ec400000,0x00000000ec4da8c0,0x00000000ec500000)
  to   space 2560K, 0% used [0x00000000ec600000,0x00000000ec600000,0x00000000ec880000)
 ParOldGen       total 68608K, used 6783K [0x00000000c0000000, 0x00000000c4300000, 0x00000000eab00000)
  object space 68608K, 9% used [0x00000000c0000000,0x00000000c069ffb8,0x00000000c4300000)
 Metaspace       used 26567K, committed 27008K, reserved 1114112K
  class space    used 2551K, committed 2752K, reserved 1048576K
}
Event: 7.594 GC heap after
{Heap after GC invocations=7 (full 1):
 PSYoungGen      total 27136K, used 2528K [0x00000000eab00000, 0x00000000ec900000, 0x0000000100000000)
  eden space 24576K, 0% used [0x00000000eab00000,0x00000000eab00000,0x00000000ec300000)
  from space 2560K, 98% used [0x00000000ec600000,0x00000000ec878268,0x00000000ec880000)
  to   space 3072K, 0% used [0x00000000ec300000,0x00000000ec300000,0x00000000ec600000)
 ParOldGen       total 68608K, used 6815K [0x00000000c0000000, 0x00000000c4300000, 0x00000000eab00000)
  object space 68608K, 9% used [0x00000000c0000000,0x00000000c06a7fb8,0x00000000c4300000)
 Metaspace       used 26567K, committed 27008K, reserved 1114112K
  class space    used 2551K, committed 2752K, reserved 1048576K
}

Dll operation events (9 events):
Event: 0.061 Loaded shared library c:\Users\akrem\.cursor\extensions\redhat.java-1.38.0-win32-x64\jre\17.0.13-win32-x86_64\bin\java.dll
Event: 0.272 Loaded shared library c:\Users\akrem\.cursor\extensions\redhat.java-1.38.0-win32-x64\jre\17.0.13-win32-x86_64\bin\zip.dll
Event: 0.276 Loaded shared library C:\Users\akrem\.cursor\extensions\redhat.java-1.38.0-win32-x64\jre\17.0.13-win32-x86_64\bin\instrument.dll
Event: 0.289 Loaded shared library C:\Users\akrem\.cursor\extensions\redhat.java-1.38.0-win32-x64\jre\17.0.13-win32-x86_64\bin\net.dll
Event: 0.291 Loaded shared library C:\Users\akrem\.cursor\extensions\redhat.java-1.38.0-win32-x64\jre\17.0.13-win32-x86_64\bin\nio.dll
Event: 0.297 Loaded shared library C:\Users\akrem\.cursor\extensions\redhat.java-1.38.0-win32-x64\jre\17.0.13-win32-x86_64\bin\zip.dll
Event: 0.315 Loaded shared library C:\Users\akrem\.cursor\extensions\redhat.java-1.38.0-win32-x64\jre\17.0.13-win32-x86_64\bin\jimage.dll
Event: 0.370 Loaded shared library c:\Users\akrem\.cursor\extensions\redhat.java-1.38.0-win32-x64\jre\17.0.13-win32-x86_64\bin\verify.dll
Event: 6.280 Loaded shared library C:\Users\akrem\AppData\Roaming\Cursor\User\globalStorage\redhat.java\1.38.0\config_ss_win\org.eclipse.equinox.launcher\org.eclipse.equinox.launcher.win32.win32.x86_64_1.2.1100.v20240722-2106\eclipse_11904.dll

Deoptimization events (20 events):
Event: 7.111 Thread 0x000001bcea83c730 Uncommon trap: trap_request=0xffffffc6 fr.pc=0x000001bcdbf21b74 relative=0x0000000000002054
Event: 7.111 Thread 0x000001bcea83c730 Uncommon trap: reason=bimorphic_or_optimized_type_check action=maybe_recompile pc=0x000001bcdbf21b74 method=java.io.DataInputStream.readUnsignedShort()I @ 6 c2
Event: 7.111 Thread 0x000001bcea83c730 DEOPT PACKING pc=0x000001bcdbf21b74 sp=0x00000003baaf9680
Event: 7.111 Thread 0x000001bcea83c730 DEOPT UNPACKING pc=0x000001bcdb7666a3 sp=0x00000003baaf9600 mode 2
Event: 7.115 Thread 0x000001bcea83c730 Uncommon trap: trap_request=0xffffffc6 fr.pc=0x000001bcdbf21b74 relative=0x0000000000002054
Event: 7.115 Thread 0x000001bcea83c730 Uncommon trap: reason=bimorphic_or_optimized_type_check action=maybe_recompile pc=0x000001bcdbf21b74 method=java.io.DataInputStream.readUnsignedShort()I @ 6 c2
Event: 7.115 Thread 0x000001bcea83c730 DEOPT PACKING pc=0x000001bcdbf21b74 sp=0x00000003baaf9330
Event: 7.115 Thread 0x000001bcea83c730 DEOPT UNPACKING pc=0x000001bcdb7666a3 sp=0x00000003baaf92b0 mode 2
Event: 7.115 Thread 0x000001bcea83c730 Uncommon trap: trap_request=0xffffffc6 fr.pc=0x000001bcdbf21b74 relative=0x0000000000002054
Event: 7.115 Thread 0x000001bcea83c730 Uncommon trap: reason=bimorphic_or_optimized_type_check action=maybe_recompile pc=0x000001bcdbf21b74 method=java.io.DataInputStream.readUnsignedShort()I @ 6 c2
Event: 7.115 Thread 0x000001bcea83c730 DEOPT PACKING pc=0x000001bcdbf21b74 sp=0x00000003baaf9330
Event: 7.115 Thread 0x000001bcea83c730 DEOPT UNPACKING pc=0x000001bcdb7666a3 sp=0x00000003baaf92b0 mode 2
Event: 7.477 Thread 0x000001bcea83c730 Uncommon trap: trap_request=0xffffff45 fr.pc=0x000001bcdbf4e628 relative=0x0000000000000128
Event: 7.477 Thread 0x000001bcea83c730 Uncommon trap: reason=unstable_if action=reinterpret pc=0x000001bcdbf4e628 method=org.lombokweb.asm.ByteVector.putByteArray([BII)Lorg/lombokweb/asm/ByteVector; @ 20 c2
Event: 7.477 Thread 0x000001bcea83c730 DEOPT PACKING pc=0x000001bcdbf4e628 sp=0x00000003baaf2760
Event: 7.477 Thread 0x000001bcea83c730 DEOPT UNPACKING pc=0x000001bcdb7666a3 sp=0x00000003baaf2730 mode 2
Event: 7.477 Thread 0x000001bcea83c730 Uncommon trap: trap_request=0xffffff45 fr.pc=0x000001bcdbf4dfd4 relative=0x0000000000000334
Event: 7.477 Thread 0x000001bcea83c730 Uncommon trap: reason=unstable_if action=reinterpret pc=0x000001bcdbf4dfd4 method=org.lombokweb.asm.Label.resolve([BLorg/lombokweb/asm/ByteVector;I)Z @ 81 c2
Event: 7.477 Thread 0x000001bcea83c730 DEOPT PACKING pc=0x000001bcdbf4dfd4 sp=0x00000003baaf27e0
Event: 7.477 Thread 0x000001bcea83c730 DEOPT UNPACKING pc=0x000001bcdb7666a3 sp=0x00000003baaf26e8 mode 2

Classes loaded (20 events):
Event: 7.249 Loading class java/io/StringReader
Event: 7.249 Loading class java/io/StringReader done
Event: 7.251 Loading class java/util/zip/GZIPInputStream
Event: 7.251 Loading class java/util/zip/GZIPInputStream done
Event: 7.254 Loading class java/net/SocketTimeoutException
Event: 7.254 Loading class java/io/InterruptedIOException
Event: 7.254 Loading class java/io/InterruptedIOException done
Event: 7.254 Loading class java/net/SocketTimeoutException done
Event: 7.254 Loading class java/net/SocketException
Event: 7.254 Loading class java/net/SocketException done
Event: 7.254 Loading class java/net/UnknownHostException
Event: 7.254 Loading class java/net/UnknownHostException done
Event: 7.254 Loading class java/net/ProtocolException
Event: 7.254 Loading class java/net/ProtocolException done
Event: 7.275 Loading class java/lang/ThreadLocal$SuppliedThreadLocal
Event: 7.275 Loading class java/lang/ThreadLocal$SuppliedThreadLocal done
Event: 7.311 Loading class java/io/FileWriter
Event: 7.311 Loading class java/io/FileWriter done
Event: 7.313 Loading class java/lang/NegativeArraySizeException
Event: 7.313 Loading class java/lang/NegativeArraySizeException done

Classes unloaded (7 events):
Event: 7.192 Thread 0x000001bcd16d6c80 Unloading class 0x0000000100221400 'java/lang/invoke/LambdaForm$MH+0x0000000100221400'
Event: 7.192 Thread 0x000001bcd16d6c80 Unloading class 0x0000000100221000 'java/lang/invoke/LambdaForm$MH+0x0000000100221000'
Event: 7.192 Thread 0x000001bcd16d6c80 Unloading class 0x0000000100220c00 'java/lang/invoke/LambdaForm$MH+0x0000000100220c00'
Event: 7.192 Thread 0x000001bcd16d6c80 Unloading class 0x0000000100220800 'java/lang/invoke/LambdaForm$MH+0x0000000100220800'
Event: 7.192 Thread 0x000001bcd16d6c80 Unloading class 0x0000000100220400 'java/lang/invoke/LambdaForm$BMH+0x0000000100220400'
Event: 7.192 Thread 0x000001bcd16d6c80 Unloading class 0x0000000100220000 'java/lang/invoke/LambdaForm$DMH+0x0000000100220000'
Event: 7.192 Thread 0x000001bcd16d6c80 Unloading class 0x000000010021c400 'java/lang/invoke/LambdaForm$DMH+0x000000010021c400'

Classes redefined (0 events):
No events

Internal exceptions (20 events):
Event: 6.927 Thread 0x000001bcea83c730 Exception <a 'java/lang/NoSuchMethodError'{0x00000000ec292a60}: 'java.lang.Object java.lang.invoke.DelegatingMethodHandle$Holder.reinvoke_L(java.lang.Object, java.lang.Object, java.lang.Object, java.lang.Object, int, int)'> (0x00000000ec292a60) 
thrown [s\src\hotspot\share\interpreter\linkResolver.cpp, line 759]
Event: 6.928 Thread 0x000001bcea83c730 Exception <a 'java/lang/NoSuchMethodError'{0x00000000ec2a75a0}: 'java.lang.Object java.lang.invoke.Invokers$Holder.invokeExact_MT(java.lang.Object, java.lang.Object, java.lang.Object, java.lang.Object)'> (0x00000000ec2a75a0) 
thrown [s\src\hotspot\share\interpreter\linkResolver.cpp, line 759]
Event: 6.978 Thread 0x000001bcea83c730 Exception <a 'java/io/FileNotFoundException'{0x00000000eab13048}> (0x00000000eab13048) 
thrown [s\src\hotspot\share\prims\jni.cpp, line 516]
Event: 6.979 Thread 0x000001bcea83c730 Exception <a 'java/io/FileNotFoundException'{0x00000000eab19cf0}> (0x00000000eab19cf0) 
thrown [s\src\hotspot\share\prims\jni.cpp, line 516]
Event: 7.116 Thread 0x000001bcea83c730 Exception <a 'java/lang/NoSuchMethodError'{0x00000000eaf0fc68}: 'java.lang.Object java.lang.invoke.DirectMethodHandle$Holder.newInvokeSpecial(java.lang.Object, java.lang.Object, java.lang.Object, java.lang.Object, java.lang.Object)'> (0x00000000eaf0fc68) 
thrown [s\src\hotspot\share\interpreter\linkResolver.cpp, line 759]
Event: 7.132 Thread 0x000001bcea83c730 Exception <a 'java/lang/NoSuchMethodError'{0x00000000eaff0f20}: 'java.lang.Object java.lang.invoke.DirectMethodHandle$Holder.invokeSpecial(java.lang.Object, java.lang.Object, java.lang.Object, long, java.lang.Object)'> (0x00000000eaff0f20) 
thrown [s\src\hotspot\share\interpreter\linkResolver.cpp, line 759]
Event: 7.132 Thread 0x000001bcea83c730 Exception <a 'java/lang/NoSuchMethodError'{0x00000000eaff9590}: 'java.lang.Object java.lang.invoke.DirectMethodHandle$Holder.newInvokeSpecial(java.lang.Object, java.lang.Object, java.lang.Object, long)'> (0x00000000eaff9590) 
thrown [s\src\hotspot\share\interpreter\linkResolver.cpp, line 759]
Event: 7.133 Thread 0x000001bcea83c730 Exception <a 'java/lang/NoSuchMethodError'{0x00000000eaffdb30}: 'java.lang.Object java.lang.invoke.DirectMethodHandle$Holder.invokeSpecial(java.lang.Object, java.lang.Object, java.lang.Object, java.lang.Object, long)'> (0x00000000eaffdb30) 
thrown [s\src\hotspot\share\interpreter\linkResolver.cpp, line 759]
Event: 7.133 Thread 0x000001bcea83c730 Exception <a 'java/lang/NoSuchMethodError'{0x00000000eb0019a8}: 'java.lang.Object java.lang.invoke.Invokers$Holder.linkToTargetMethod(java.lang.Object, java.lang.Object, long, java.lang.Object)'> (0x00000000eb0019a8) 
thrown [s\src\hotspot\share\interpreter\linkResolver.cpp, line 759]
Event: 7.143 Thread 0x000001bcea83c730 Exception <a 'java/lang/NoSuchMethodError'{0x00000000eb075938}: 'int java.lang.invoke.DirectMethodHandle$Holder.invokeStaticInit(java.lang.Object, java.lang.Object, java.lang.Object)'> (0x00000000eb075938) 
thrown [s\src\hotspot\share\interpreter\linkResolver.cpp, line 759]
Event: 7.153 Thread 0x000001bcea83c730 Exception <a 'java/lang/IncompatibleClassChangeError'{0x00000000eb1071f0}: Found class java.lang.Object, but interface was expected> (0x00000000eb1071f0) 
thrown [s\src\hotspot\share\interpreter\linkResolver.cpp, line 826]
Event: 7.153 Thread 0x000001bcea83c730 Exception <a 'java/lang/NoSuchMethodError'{0x00000000eb10b000}: 'java.lang.Object java.lang.invoke.DirectMethodHandle$Holder.invokeSpecial(java.lang.Object, java.lang.Object, java.lang.Object, int, java.lang.Object, java.lang.Object)'> (0x00000000eb10b000) 
thrown [s\src\hotspot\share\interpreter\linkResolver.cpp, line 759]
Event: 7.154 Thread 0x000001bcea83c730 Exception <a 'java/lang/NoSuchMethodError'{0x00000000eb1217d8}: 'java.lang.Object java.lang.invoke.DirectMethodHandle$Holder.newInvokeSpecial(java.lang.Object, java.lang.Object, java.lang.Object, int, java.lang.Object)'> (0x00000000eb1217d8) 
thrown [s\src\hotspot\share\interpreter\linkResolver.cpp, line 759]
Event: 7.154 Thread 0x000001bcea83c730 Exception <a 'java/lang/NoSuchMethodError'{0x00000000eb125c30}: 'java.lang.Object java.lang.invoke.DirectMethodHandle$Holder.invokeSpecial(java.lang.Object, java.lang.Object, java.lang.Object, java.lang.Object, int, java.lang.Object)'> (0x00000000eb125c30) 
thrown [s\src\hotspot\share\interpreter\linkResolver.cpp, line 759]
Event: 7.155 Thread 0x000001bcece40c00 Exception <a 'java/lang/NoSuchMethodError'{0x00000000eb0367b0}: 'java.lang.Object java.lang.invoke.DirectMethodHandle$Holder.invokeSpecial(java.lang.Object, java.lang.Object, int, java.lang.Object, java.lang.Object)'> (0x00000000eb0367b0) 
thrown [s\src\hotspot\share\interpreter\linkResolver.cpp, line 759]
Event: 7.155 Thread 0x000001bcece40c00 Exception <a 'java/lang/NoSuchMethodError'{0x00000000eb03de80}: 'java.lang.Object java.lang.invoke.DirectMethodHandle$Holder.newInvokeSpecial(java.lang.Object, java.lang.Object, int, java.lang.Object)'> (0x00000000eb03de80) 
thrown [s\src\hotspot\share\interpreter\linkResolver.cpp, line 759]
Event: 7.155 Thread 0x000001bcece40c00 Exception <a 'java/lang/NoSuchMethodError'{0x00000000eb041990}: 'java.lang.Object java.lang.invoke.DirectMethodHandle$Holder.invokeSpecial(java.lang.Object, java.lang.Object, java.lang.Object, int, java.lang.Object)'> (0x00000000eb041990) 
thrown [s\src\hotspot\share\interpreter\linkResolver.cpp, line 759]
Event: 7.225 Thread 0x000001bcea83c730 Exception <a 'java/lang/NoSuchMethodError'{0x00000000eac8dce8}: 'double java.lang.invoke.DirectMethodHandle$Holder.invokeStatic(java.lang.Object, java.lang.Object)'> (0x00000000eac8dce8) 
thrown [s\src\hotspot\share\interpreter\linkResolver.cpp, line 759]
Event: 7.225 Thread 0x000001bcea83c730 Exception <a 'java/lang/NoSuchMethodError'{0x00000000eac91600}: 'double java.lang.invoke.DirectMethodHandle$Holder.invokeStaticInit(java.lang.Object, java.lang.Object)'> (0x00000000eac91600) 
thrown [s\src\hotspot\share\interpreter\linkResolver.cpp, line 759]
Event: 7.477 Thread 0x000001bcea83c730 Implicit null exception at 0x000001bcdbf4e548 to 0x000001bcdbf4e608

VM Operations (20 events):
Event: 6.279 Executing VM operation: Cleanup
Event: 6.279 Executing VM operation: Cleanup done
Event: 6.335 Executing VM operation: ParallelGCFailedAllocation
Event: 6.340 Executing VM operation: ParallelGCFailedAllocation done
Event: 6.350 Executing VM operation: HandshakeAllThreads
Event: 6.350 Executing VM operation: HandshakeAllThreads done
Event: 6.818 Executing VM operation: HandshakeAllThreads
Event: 6.818 Executing VM operation: HandshakeAllThreads done
Event: 6.921 Executing VM operation: HandshakeAllThreads
Event: 6.921 Executing VM operation: HandshakeAllThreads done
Event: 6.971 Executing VM operation: ParallelGCFailedAllocation
Event: 6.976 Executing VM operation: ParallelGCFailedAllocation done
Event: 7.164 Executing VM operation: HandshakeAllThreads
Event: 7.164 Executing VM operation: HandshakeAllThreads done
Event: 7.185 Executing VM operation: CollectForMetadataAllocation
Event: 7.206 Executing VM operation: CollectForMetadataAllocation done
Event: 7.398 Executing VM operation: ParallelGCFailedAllocation
Event: 7.400 Executing VM operation: ParallelGCFailedAllocation done
Event: 7.593 Executing VM operation: ParallelGCFailedAllocation
Event: 7.594 Executing VM operation: ParallelGCFailedAllocation done

Memory protections (0 events):
No events

Nmethod flushes (0 events):
No events

Events (20 events):
Event: 0.179 Thread 0x000001bcd16315d0 Thread added: 0x000001bcea6a51a0
Event: 0.180 Thread 0x000001bcd16315d0 Thread added: 0x000001bcea6b3000
Event: 0.180 Thread 0x000001bcd16315d0 Thread added: 0x000001bcea6b6dd0
Event: 0.180 Thread 0x000001bcd16315d0 Thread added: 0x000001bcea6b7b80
Event: 0.239 Thread 0x000001bcd16315d0 Thread added: 0x000001bcea7c7860
Event: 0.256 Thread 0x000001bcea6b6dd0 Thread added: 0x000001bcea850a70
Event: 0.259 Thread 0x000001bcea850a70 Thread added: 0x000001bcea83c180
Event: 0.431 Thread 0x000001bcd16315d0 Thread added: 0x000001bcecf51c20
Event: 0.723 Thread 0x000001bcea850a70 Thread added: 0x000001bced1e0120
Event: 1.208 Thread 0x000001bcd16315d0 Thread added: 0x000001bced3fc7b0
Event: 1.518 Thread 0x000001bced1e0120 Thread exited: 0x000001bced1e0120
Event: 4.023 Thread 0x000001bcea83c180 Thread exited: 0x000001bcea83c180
Event: 6.263 Thread 0x000001bcea850a70 Thread exited: 0x000001bcea850a70
Event: 6.269 Thread 0x000001bcd16315d0 Thread added: 0x000001bcea83b040
Event: 6.272 Thread 0x000001bcd16315d0 Thread added: 0x000001bcea83c730
Event: 6.307 Thread 0x000001bcea83c730 Thread added: 0x000001bced1cf640
Event: 6.430 Thread 0x000001bcea83c730 Thread added: 0x000001bced0ada50
Event: 6.851 Thread 0x000001bcea83c730 Thread added: 0x000001bcece42040
Event: 7.136 Thread 0x000001bcea83c730 Thread added: 0x000001bcece40c00
Event: 7.155 Thread 0x000001bcea83c730 Thread added: 0x000001bcece41620


Dynamic libraries:
0x00007ff796830000 - 0x00007ff79683e000 	c:\Users\akrem\.cursor\extensions\redhat.java-1.38.0-win32-x64\jre\17.0.13-win32-x86_64\bin\java.exe
0x00007ffd93ad0000 - 0x00007ffd93ce7000 	C:\Windows\SYSTEM32\ntdll.dll
0x00007ffd931c0000 - 0x00007ffd93284000 	C:\Windows\System32\KERNEL32.DLL
0x00007ffd91120000 - 0x00007ffd914da000 	C:\Windows\System32\KERNELBASE.dll
0x00007ffd90f30000 - 0x00007ffd91041000 	C:\Windows\System32\ucrtbase.dll
0x00007ffd7f960000 - 0x00007ffd7f977000 	c:\Users\akrem\.cursor\extensions\redhat.java-1.38.0-win32-x64\jre\17.0.13-win32-x86_64\bin\jli.dll
0x00007ffd938e0000 - 0x00007ffd93a8e000 	C:\Windows\System32\USER32.dll
0x00007ffd910f0000 - 0x00007ffd91116000 	C:\Windows\System32\win32u.dll
0x00007ffd93330000 - 0x00007ffd93359000 	C:\Windows\System32\GDI32.dll
0x00007ffd6b780000 - 0x00007ffd6ba12000 	C:\Windows\WinSxS\amd64_microsoft.windows.common-controls_6595b64144ccf1df_6.0.22621.4541_none_2710d1c57384c085\COMCTL32.dll
0x00007ffd916a0000 - 0x00007ffd917bb000 	C:\Windows\System32\gdi32full.dll
0x00007ffd91050000 - 0x00007ffd910ea000 	C:\Windows\System32\msvcp_win.dll
0x00007ffd937e0000 - 0x00007ffd93887000 	C:\Windows\System32\msvcrt.dll
0x00007ffd7f360000 - 0x00007ffd7f37e000 	c:\Users\akrem\.cursor\extensions\redhat.java-1.38.0-win32-x64\jre\17.0.13-win32-x86_64\bin\VCRUNTIME140.dll
0x00007ffd93890000 - 0x00007ffd938c1000 	C:\Windows\System32\IMM32.DLL
0x00007ffd8d800000 - 0x00007ffd8d80c000 	c:\Users\akrem\.cursor\extensions\redhat.java-1.38.0-win32-x64\jre\17.0.13-win32-x86_64\bin\vcruntime140_1.dll
0x00007ffd7f2d0000 - 0x00007ffd7f35d000 	c:\Users\akrem\.cursor\extensions\redhat.java-1.38.0-win32-x64\jre\17.0.13-win32-x86_64\bin\msvcp140.dll
0x00007ffcba120000 - 0x00007ffcbad8b000 	c:\Users\akrem\.cursor\extensions\redhat.java-1.38.0-win32-x64\jre\17.0.13-win32-x86_64\bin\server\jvm.dll
0x00007ffd92ec0000 - 0x00007ffd92f72000 	C:\Windows\System32\ADVAPI32.dll
0x00007ffd93360000 - 0x00007ffd93407000 	C:\Windows\System32\sechost.dll
0x00007ffd90f00000 - 0x00007ffd90f28000 	C:\Windows\System32\bcrypt.dll
0x00007ffd93500000 - 0x00007ffd93614000 	C:\Windows\System32\RPCRT4.dll
0x00007ffd91b60000 - 0x00007ffd91bd1000 	C:\Windows\System32\WS2_32.dll
0x00007ffd8fe50000 - 0x00007ffd8fe9d000 	C:\Windows\SYSTEM32\POWRPROF.dll
0x00007ffd87ca0000 - 0x00007ffd87cd4000 	C:\Windows\SYSTEM32\WINMM.dll
0x00007ffd838d0000 - 0x00007ffd838da000 	C:\Windows\SYSTEM32\VERSION.dll
0x00007ffd8fdd0000 - 0x00007ffd8fde3000 	C:\Windows\SYSTEM32\UMPDC.dll
0x00007ffd8fea0000 - 0x00007ffd8feb8000 	C:\Windows\SYSTEM32\kernel.appcore.dll
0x00007ffd8bc30000 - 0x00007ffd8bc3a000 	c:\Users\akrem\.cursor\extensions\redhat.java-1.38.0-win32-x64\jre\17.0.13-win32-x86_64\bin\jimage.dll
0x00007ffd8e000000 - 0x00007ffd8e232000 	C:\Windows\SYSTEM32\DBGHELP.DLL
0x00007ffd917c0000 - 0x00007ffd91b51000 	C:\Windows\System32\combase.dll
0x00007ffd93410000 - 0x00007ffd934e7000 	C:\Windows\System32\OLEAUT32.dll
0x00007ffd83af0000 - 0x00007ffd83b22000 	C:\Windows\SYSTEM32\dbgcore.DLL
0x00007ffd914e0000 - 0x00007ffd9155b000 	C:\Windows\System32\bcryptPrimitives.dll
0x00007ffd888f0000 - 0x00007ffd888fe000 	c:\Users\akrem\.cursor\extensions\redhat.java-1.38.0-win32-x64\jre\17.0.13-win32-x86_64\bin\instrument.dll
0x00007ffd7bfb0000 - 0x00007ffd7bfd5000 	c:\Users\akrem\.cursor\extensions\redhat.java-1.38.0-win32-x64\jre\17.0.13-win32-x86_64\bin\java.dll
0x00007ffd7bf90000 - 0x00007ffd7bfa8000 	c:\Users\akrem\.cursor\extensions\redhat.java-1.38.0-win32-x64\jre\17.0.13-win32-x86_64\bin\zip.dll
0x00007ffd91ec0000 - 0x00007ffd92739000 	C:\Windows\System32\SHELL32.dll
0x00007ffd8ec80000 - 0x00007ffd8f589000 	C:\Windows\SYSTEM32\windows.storage.dll
0x00007ffd8eb40000 - 0x00007ffd8ec7f000 	C:\Windows\SYSTEM32\wintypes.dll
0x00007ffd91d50000 - 0x00007ffd91e4a000 	C:\Windows\System32\SHCORE.dll
0x00007ffd91cf0000 - 0x00007ffd91d4e000 	C:\Windows\System32\shlwapi.dll
0x00007ffd90cc0000 - 0x00007ffd90ceb000 	C:\Windows\SYSTEM32\profapi.dll
0x00007ffd75360000 - 0x00007ffd75379000 	C:\Users\akrem\.cursor\extensions\redhat.java-1.38.0-win32-x64\jre\17.0.13-win32-x86_64\bin\net.dll
0x00007ffd8c6c0000 - 0x00007ffd8c7f6000 	C:\Windows\SYSTEM32\WINHTTP.dll
0x00007ffd90340000 - 0x00007ffd903a9000 	C:\Windows\system32\mswsock.dll
0x00007ffd708a0000 - 0x00007ffd708b6000 	C:\Users\akrem\.cursor\extensions\redhat.java-1.38.0-win32-x64\jre\17.0.13-win32-x86_64\bin\nio.dll
0x00007ffd83660000 - 0x00007ffd83670000 	c:\Users\akrem\.cursor\extensions\redhat.java-1.38.0-win32-x64\jre\17.0.13-win32-x86_64\bin\verify.dll
0x00007ffd7bf40000 - 0x00007ffd7bf85000 	C:\Users\akrem\AppData\Roaming\Cursor\User\globalStorage\redhat.java\1.38.0\config_ss_win\org.eclipse.equinox.launcher\org.eclipse.equinox.launcher.win32.win32.x86_64_1.2.1100.v20240722-2106\eclipse_11904.dll
0x00007ffd92d10000 - 0x00007ffd92eb5000 	C:\Windows\System32\ole32.dll

dbghelp: loaded successfully - version: 4.0.5 - missing functions: none
symbol engine: initialized successfully - sym options: 0x614 - pdb path: .;c:\Users\akrem\.cursor\extensions\redhat.java-1.38.0-win32-x64\jre\17.0.13-win32-x86_64\bin;C:\Windows\SYSTEM32;C:\Windows\WinSxS\amd64_microsoft.windows.common-controls_6595b64144ccf1df_6.0.22621.4541_none_2710d1c57384c085;c:\Users\akrem\.cursor\extensions\redhat.java-1.38.0-win32-x64\jre\17.0.13-win32-x86_64\bin\server;C:\Users\akrem\AppData\Roaming\Cursor\User\globalStorage\redhat.java\1.38.0\config_ss_win\org.eclipse.equinox.launcher\org.eclipse.equinox.launcher.win32.win32.x86_64_1.2.1100.v20240722-2106

VM Arguments:
jvm_args: --add-modules=ALL-SYSTEM --add-opens=java.base/java.util=ALL-UNNAMED --add-opens=java.base/java.lang=ALL-UNNAMED --add-opens=java.base/sun.nio.fs=ALL-UNNAMED -Declipse.application=org.eclipse.jdt.ls.core.id1 -Dosgi.bundles.defaultStartLevel=4 -Declipse.product=org.eclipse.jdt.ls.core.product -Djava.import.generatesMetadataFilesAtProjectRoot=false -DDetectVMInstallationsJob.disabled=true -Dfile.encoding=utf8 -XX:+UseParallelGC -XX:GCTimeRatio=4 -XX:AdaptiveSizePolicyWeight=90 -Dsun.zip.disableMemoryMapping=true -Xmx1G -Xms100m -Xlog:disable -javaagent:c:\Users\akrem\.cursor\extensions\redhat.java-1.38.0-win32-x64\lombok\lombok-1.18.34.jar 
java_command: c:\Users\akrem\.cursor\extensions\redhat.java-1.38.0-win32-x64\server\plugins\org.eclipse.equinox.launcher_1.6.900.v20240613-2009.jar -configuration c:\Users\akrem\AppData\Roaming\Cursor\User\globalStorage\redhat.java\1.38.0\config_ss_win -data c:\Users\akrem\AppData\Roaming\Cursor\User\workspaceStorage\1cdb713fb8ed88fc6a27c0c7e4216a23\redhat.java\ss_ws --pipe=\\.\pipe\lsp-06d83f50803002a9af60864686d9f2ea-sock
java_class_path (initial): c:\Users\akrem\.cursor\extensions\redhat.java-1.38.0-win32-x64\server\plugins\org.eclipse.equinox.launcher_1.6.900.v20240613-2009.jar
Launcher Type: SUN_STANDARD

[Global flags]
    uintx AdaptiveSizePolicyWeight                 = 90                                        {product} {command line}
     intx CICompilerCount                          = 12                                        {product} {ergonomic}
    uintx GCTimeRatio                              = 4                                         {product} {command line}
   size_t InitialHeapSize                          = 104857600                                 {product} {command line}
   size_t MaxHeapSize                              = 1073741824                                {product} {command line}
   size_t MaxNewSize                               = 357564416                                 {product} {ergonomic}
   size_t MinHeapDeltaBytes                        = 524288                                    {product} {ergonomic}
   size_t MinHeapSize                              = 104857600                                 {product} {command line}
   size_t NewSize                                  = 34603008                                  {product} {ergonomic}
    uintx NonNMethodCodeHeapSize                   = 7602480                                {pd product} {ergonomic}
    uintx NonProfiledCodeHeapSize                  = 122027880                              {pd product} {ergonomic}
   size_t OldSize                                  = 70254592                                  {product} {ergonomic}
    uintx ProfiledCodeHeapSize                     = 122027880                              {pd product} {ergonomic}
    uintx ReservedCodeCacheSize                    = 251658240                              {pd product} {ergonomic}
     bool SegmentedCodeCache                       = true                                      {product} {ergonomic}
   size_t SoftMaxHeapSize                          = 1073741824                             {manageable} {ergonomic}
     bool UseCompressedClassPointers               = true                           {product lp64_product} {ergonomic}
     bool UseCompressedOops                        = true                           {product lp64_product} {ergonomic}
     bool UseLargePagesIndividualAllocation        = false                                  {pd product} {ergonomic}
     bool UseParallelGC                            = true                                      {product} {command line}

Logging:
Log output configuration:
 #0: stdout all=off uptime,level,tags
 #1: stderr all=off uptime,level,tags

Environment Variables:
PATH=C:\Program Files (x86)\VMware\VMware Workstation\bin\;C:\Program Files\Common Files\Oracle\Java\javapath;C:\Program Files (x86)\Common Files\Oracle\Java\javapath;C:\oraclexe\app\oracle\product\11.2.0\server\bin;C:\Windows\system32;C:\Windows;C:\Windows\System32\Wbem;C:\Windows\System32\WindowsPowerShell\v1.0\;C:\Windows\System32\OpenSSH\;C:\Program Files (x86)\NVIDIA Corporation\PhysX\Common;C:\Program Files\NVIDIA Corporation\NVIDIA NvDLISR;C:\xampp\php;C:\composer;C:\Program Files\Git\cmd;C:\Program Files\Java\jdk-17\bin;C:\Program Files\Microsoft SQL Server\150\Tools\Binn\;C:\Program Files\Microsoft SQL Server\Client SDK\ODBC\170\Tools\Binn\;C:\Program Files\dotnet\;C:\Program Files (x86)\Microsoft SQL Server\110\DTS\Binn\;C:\Program Files (x86)\Microsoft SQL Server\110\Tools\Binn\;C:\Program Files (x86)\Microsoft SQL Server\110\Tools\Binn\ManagementStudio\;C:\Program Files (x86)\Microsoft Visual Studio 10.0\Common7\IDE\PrivateAssemblies\;C:\Program Files\Azure Data Studio\bin;C:\Program Files (x86)\Microsoft SQL Server\160\DTS\Binn\;C:\Program Files\nodejs\;C:\Program Files\Vagrant\bin;C:\Program Files\Docker\Docker\resources\bin;C:\Users\akrem\AppData\Local\Programs\Python\Launcher\;C:\Users\akrem\scoop\shims;C:\Users\akrem\AppData\Local\Microsoft\WindowsApps;C:\Users\akrem\AppData\Local\Programs\Microsoft VS Code\bin;C:\Users\akrem\AppData\Roaming\Composer\vendor\bin;C:\xampp\php;C:\Users\akrem\.dotnet\tools;C:\Program Files\JetBrains\IntelliJ IDEA 2023.3\bin;;C:\Program Files\Azure Data Studio\bin;C:\Users\akrem\AppData\Roaming\npm;C:\Program Files\MongoDB\Server\4.0\bin;;C:\Program Files\JetBrains\PyCharm 2023.3.4\bin;
USERNAME=akremi
OS=Windows_NT
PROCESSOR_IDENTIFIER=Intel64 Family 6 Model 154 Stepping 3, GenuineIntel
TMP=C:\Users\akrem\AppData\Local\Temp
TEMP=C:\Users\akrem\AppData\Local\Temp



Periodic native trim disabled


---------------  S Y S T E M  ---------------

OS:
 Windows 11 , 64 bit Build 22621 (10.0.22621.4391)
OS uptime: 0 days 20:58 hours
Hyper-V role detected

CPU: total 20 (initial active 20) (10 cores per cpu, 2 threads per core) family 6 model 154 stepping 3 microcode 0x41c, cx8, cmov, fxsr, ht, mmx, 3dnowpref, sse, sse2, sse3, ssse3, sse4.1, sse4.2, popcnt, lzcnt, tsc, tscinvbit, avx, avx2, aes, erms, clmul, bmi1, bmi2, adx, sha, fma, vzeroupper, clflush, clflushopt, clwb, hv
Processor Information for processor 0
  Max Mhz: 2500, Current Mhz: 2500, Mhz Limit: 2500
Processor Information for processor 1
  Max Mhz: 2500, Current Mhz: 2500, Mhz Limit: 2500
Processor Information for processor 2
  Max Mhz: 2500, Current Mhz: 2500, Mhz Limit: 2500
Processor Information for processor 3
  Max Mhz: 2500, Current Mhz: 2500, Mhz Limit: 2500
Processor Information for processor 4
  Max Mhz: 2500, Current Mhz: 2500, Mhz Limit: 2500
Processor Information for processor 5
  Max Mhz: 2500, Current Mhz: 2500, Mhz Limit: 2500
Processor Information for processor 6
  Max Mhz: 2500, Current Mhz: 2500, Mhz Limit: 2500
Processor Information for processor 7
  Max Mhz: 2500, Current Mhz: 2500, Mhz Limit: 2500
Processor Information for processor 8
  Max Mhz: 2500, Current Mhz: 2500, Mhz Limit: 2500
Processor Information for processor 9
  Max Mhz: 2500, Current Mhz: 2500, Mhz Limit: 2500
Processor Information for processor 10
  Max Mhz: 2500, Current Mhz: 2500, Mhz Limit: 2500
Processor Information for processor 11
  Max Mhz: 2500, Current Mhz: 2500, Mhz Limit: 2500
Processor Information for processor 12
  Max Mhz: 2500, Current Mhz: 1800, Mhz Limit: 1800
Processor Information for processor 13
  Max Mhz: 2500, Current Mhz: 1800, Mhz Limit: 1800
Processor Information for processor 14
  Max Mhz: 2500, Current Mhz: 1800, Mhz Limit: 1800
Processor Information for processor 15
  Max Mhz: 2500, Current Mhz: 1800, Mhz Limit: 1800
Processor Information for processor 16
  Max Mhz: 2500, Current Mhz: 1800, Mhz Limit: 1800
Processor Information for processor 17
  Max Mhz: 2500, Current Mhz: 1800, Mhz Limit: 1800
Processor Information for processor 18
  Max Mhz: 2500, Current Mhz: 1800, Mhz Limit: 1800
Processor Information for processor 19
  Max Mhz: 2500, Current Mhz: 1800, Mhz Limit: 1800

Memory: 4k page, system-wide physical 16073M (58M free)
TotalPageFile size 60968M (AvailPageFile size 90M)
current process WorkingSet (physical memory assigned to process): 125M, peak: 125M
current process commit charge ("private bytes"): 255M, peak: 256M

vm_info: OpenJDK 64-Bit Server VM (17.0.13+11) for windows-amd64 JRE (17.0.13+11), built on Oct 16 2024 00:10:08 by "admin" with MS VC++ 17.7 (VS2022)

END.
